getting getFormulas from DB took:00:00:00.0580033
couche sous couche took:00:00:00.0350020
filling listview took:00:00:00.0480027
getting addResultsToListviewFamily took:00:00:00.3950226
go edit start:17:29:32.4996987
goedit - edit.hideRadioVariants start:17:29:33.9017789
goedit - edit.hideRadioVariants end:17:29:33.9017789
goedit - edit.generatedetails start:17:29:33.9017789
start=17:29:33.9127795
after get formula:17:29:34.0377867
after get colors:17:29:37.8480046
after boucle:17:29:37.8990075
generate details end=17:29:37.9700116
goedit - edit.generatedetails end:17:29:37.9700116
goedit - open dialog start:17:29:37.9770120
goedit end:17:29:41.8102313
go edit start:17:29:44.7353986
goedit - edit.hideRadioVariants start:17:29:45.5124430
goedit - edit.hideRadioVariants end:17:29:45.5124430
goedit - edit.generatedetails start:17:29:45.5124430
start=17:29:45.5124430
after get formula:17:29:45.6434505
after get colors:17:29:52.6838532
after boucle:17:29:53.3828932
generate details end=17:29:53.4418965
goedit - edit.generatedetails end:17:29:53.4418965
goedit - open dialog start:17:29:53.4488969
goedit end:17:29:58.1171640
