Error at row 9 - Color BC 4201  Deep Black doesn't exist
Error at row 24 - Color CB 4508  Crystal Red Rose doesn't exist
Error at row 30 - Color BC 4047  Reddish Blue doesn't exist
Error at row 34 - Color CB 4405  Crystal Green doesn't exist
Error at row 36 - Color CB 4504  Crystal Blue Green doesn't exist
Error at row 42 - Color CB 4308  Crystal Red Hell doesn't exist
Error at row 51 - Color CB 4805  Crystal Satin Red doesn't exist
Error at row 54 - Color CB 4403  Crystal Light Violet doesn't exist
Error at row 59 - Color CB 4606  Crystal Dark Gold doesn't exist
Error at row 62 - Color CB 4306  Crystal Light Gold doesn't exist
Error at row 63 - Color CB 4407  Crystal Red Brown doesn't exist
Error at row 64 - Color CB 4607  Crystal Dark Red Gold doesn't exist
Error at row 69 - Color XB 4206  Xirallic Gold doesn't exist
Error at row 71 - Color CB 4107  Crystal Royal Gold doesn't exist
Error at row 73 - Color CB 4708  Crystal Gold Brown doesn't exist
Error at row 74 - Color CB 4507  Crystal Royal Brown doesn't exist
Error at row 75 - Color CB 4307  Crystal Old Copper doesn't exist
Error at row 119 - Color XB 4101  Xirallic White doesn't exist
Error at row 120 - Color CB 4605 Crystal Spring Green doesn't exist
Error at row 121 - Color CB 4707  Crystal Light Copper doesn't exist
Error at row 161 - Color X name doesn't exist
